{"E:\\PLACEMENT PREPARATION\\Namaste-react\\src\\components\\Contact.js": {"path":"E:\\PLACEMENT PREPARATION\\Namaste-react\\src\\components\\Contact.js","statementMap":{"0":{"start":{"line":20,"column":16},"end":{"line":49,"column":1}},"1":{"start":{"line":21,"column":2},"end":{"line":48,"column":4}}},"fnMap":{"0":{"name":"(anonymous_0)","decl":{"start":{"line":20,"column":16},"end":{"line":20,"column":17}},"loc":{"start":{"line":20,"column":22},"end":{"line":49,"column":1}},"line":20}},"branchMap":{},"s":{"0":1,"1":1},"f":{"0":1},"b":{},"_coverageSchema":"1a1c01bbd47fc00a2c39e90264f33305004495a9","hash":"798f366f483f8ed2b72c5f100abed091812e231b"}
,"E:\\PLACEMENT PREPARATION\\Namaste-react\\src\\components\\sum.js": {"path":"E:\\PLACEMENT PREPARATION\\Namaste-react\\src\\components\\sum.js","statementMap":{"0":{"start":{"line":1,"column":0},"end":{"line":3,"column":2}},"1":{"start":{"line":2,"column":18},"end":{"line":2,"column":23}}},"fnMap":{"0":{"name":"(anonymous_0)","decl":{"start":{"line":2,"column":8},"end":{"line":2,"column":9}},"loc":{"start":{"line":2,"column":18},"end":{"line":2,"column":23}},"line":2}},"branchMap":{},"s":{"0":1,"1":1},"f":{"0":1},"b":{},"_coverageSchema":"1a1c01bbd47fc00a2c39e90264f33305004495a9","hash":"ba6538a154605e0b9b33fc1597eedc6ca7c99da7"}
}
